{
  "RSpec": {
    "coverage": {
      "/Users/magicmax/turing/mod2/ic/b2-final/app/models/doctor.rb": {
        "lines": [
          1,
          1,
          1,
          1,
          null
        ]
      },
      "/Users/magicmax/turing/mod2/ic/b2-final/app/models/application_record.rb": {
        "lines": [
          1,
          1,
          null
        ]
      },
      "/Users/magicmax/turing/mod2/ic/b2-final/spec/models/hospital_spec.rb": {
        "lines": [
          1,
          null,
          1,
          null,
          1,
          2,
          2,
          null,
          null
        ]
      },
      "/Users/magicmax/turing/mod2/ic/b2-final/app/models/hospital.rb": {
        "lines": [
          1,
          1,
          1,
          null
        ]
      },
      "/Users/magicmax/turing/mod2/ic/b2-final/spec/models/operation_spec.rb": {
        "lines": [
          1,
          null,
          1,
          null,
          1,
          2,
          2,
          null,
          null
        ]
      },
      "/Users/magicmax/turing/mod2/ic/b2-final/app/models/operation.rb": {
        "lines": [
          1,
          1,
          1,
          null
        ]
      },
      "/Users/magicmax/turing/mod2/ic/b2-final/spec/models/surgery_spec.rb": {
        "lines": [
          1,
          null,
          1,
          null,
          1,
          2,
          2,
          null,
          null,
          1,
          1,
          1,
          null,
          1,
          1,
          null,
          1,
          null,
          null,
          null
        ]
      },
      "/Users/magicmax/turing/mod2/ic/b2-final/app/models/surgery.rb": {
        "lines": [
          1,
          1,
          1,
          null,
          1,
          null,
          1,
          1,
          null,
          null
        ]
      }
    },
    "timestamp": 1610732304
  }
}
