{
  "RSpec": {
    "coverage": {
      "/Users/magicmax/turing/mod2/ic/b2-final/app/models/surgery.rb": {
        "lines": [
          1,
          1,
          1,
          null,
          1,
          null
        ]
      },
      "/Users/magicmax/turing/mod2/ic/b2-final/app/models/application_record.rb": {
        "lines": [
          1,
          1,
          null
        ]
      },
      "/Users/magicmax/turing/mod2/ic/b2-final/app/controllers/surgeries_controller.rb": {
        "lines": [
          1,
          1,
          2,
          null,
          null
        ]
      },
      "/Users/magicmax/turing/mod2/ic/b2-final/app/controllers/application_controller.rb": {
        "lines": [
          1,
          null
        ]
      },
      "/Users/magicmax/turing/mod2/ic/b2-final/app/models/operation.rb": {
        "lines": [
          1,
          1,
          1,
          null
        ]
      },
      "/Users/magicmax/turing/mod2/ic/b2-final/app/models/doctor.rb": {
        "lines": [
          1,
          1,
          1,
          1,
          null
        ]
      },
      "/Users/magicmax/turing/mod2/ic/b2-final/app/models/hospital.rb": {
        "lines": [
          1,
          1,
          1,
          null
        ]
      }
    },
    "timestamp": 1610730508
  }
}
